<?xml version="1.0" encoding="UTF-8"?>
<!-- Generated by org.testng.reporters.JUnitReportReporter -->
<testsuite hostname="PuRnEnDu" failures="0" tests="1" name="com.crm.autodesk.organizationtest.CreateOrganizationWithIndusteryAndType" time="27.627" errors="0" timestamp="2021-12-29T14:38:39 IST" skipped="0">
  <testcase classname="com.crm.autodesk.organizationtest.CreateOrganizationWithIndusteryAndType" name="createOrgWithIndustryAndTypeTest" time="27.627"/>
  <system-out/>
</testsuite> <!-- com.crm.autodesk.organizationtest.CreateOrganizationWithIndusteryAndType -->
