<?xml version="1.0" encoding="UTF-8"?>
<!-- Generated by org.testng.reporters.JUnitReportReporter -->
<testsuite hostname="PuRnEnDu" failures="0" tests="1" name="com.crm.autodesk.contactest.CreateContactWithOrganizaion" time="46.120" errors="0" timestamp="2021-12-29T14:44:14 IST" skipped="0">
  <testcase classname="com.crm.autodesk.contactest.CreateContactWithOrganizaion" name="CreateContactWithOrgTest" time="46.120"/>
  <system-out/>
</testsuite> <!-- com.crm.autodesk.contactest.CreateContactWithOrganizaion -->
