<?xml version="1.0" encoding="UTF-8"?>
<!-- Generated by org.testng.reporters.JUnitReportReporter -->
<testsuite hostname="PuRnEnDu" failures="0" tests="2" name="com.crm.autodesk.organizationtest.CreateOrganization" time="64.655" errors="0" timestamp="2021-12-29T14:35:48 IST" skipped="0">
  <testcase classname="com.crm.autodesk.organizationtest.CreateOrganization" name="createOrgTest" time="57.774"/>
  <system-out/>
  <testcase classname="com.crm.autodesk.organizationtest.CreateOrganization" name="createOrgDemoTest" time="6.881"/>
  <system-out/>
</testsuite> <!-- com.crm.autodesk.organizationtest.CreateOrganization -->
