<?xml version="1.0" encoding="UTF-8"?>
<!-- Generated by org.testng.reporters.JUnitReportReporter -->
<testsuite hostname="PuRnEnDu" failures="0" tests="1" name="com.crm.autodesk.contactest.CreateContact" time="27.493" errors="0" timestamp="2021-12-29T14:42:49 IST" skipped="0">
  <testcase classname="com.crm.autodesk.contactest.CreateContact" name="createContactTest" time="27.493"/>
  <system-out/>
</testsuite> <!-- com.crm.autodesk.contactest.CreateContact -->
