<?xml version="1.0" encoding="UTF-8"?>
<!-- Generated by org.testng.reporters.JUnitReportReporter -->
<testsuite hostname="PuRnEnDu" failures="0" tests="3" name="work.DataProviderPracticeTest" time="0.014" errors="0" timestamp="2021-12-23T18:01:22 IST" skipped="0">
  <testcase classname="work.DataProviderPracticeTest" name="readDataFromDataProviderTest" time="0.002"/>
  <system-out/>
  <testcase classname="work.DataProviderPracticeTest" name="readDataFromDataProviderTest" time="0.002"/>
  <system-out/>
  <testcase classname="work.DataProviderPracticeTest" name="readDataFromDataProviderTest" time="0.010"/>
  <system-out/>
</testsuite> <!-- work.DataProviderPracticeTest -->
