<?xml version="1.0" encoding="UTF-8"?>
<!-- Generated by org.testng.reporters.JUnitReportReporter -->
<testsuite hostname="PuRnEnDu" failures="0" tests="5" name="work.DataProviderPractice2Test" time="0.032" errors="0" timestamp="2021-12-24T12:00:58 IST" skipped="0">
  <testcase classname="work.DataProviderPractice2Test" name="readDataProviderTest" time="0.003"/>
  <system-out/>
  <testcase classname="work.DataProviderPractice2Test" name="readDataProviderTest" time="0.010"/>
  <system-out/>
  <testcase classname="work.DataProviderPractice2Test" name="readDataProviderTest" time="0.002"/>
  <system-out/>
  <testcase classname="work.DataProviderPractice2Test" name="readDataProviderTest" time="0.004"/>
  <system-out/>
  <testcase classname="work.DataProviderPractice2Test" name="readDataProviderTest" time="0.013"/>
  <system-out/>
</testsuite> <!-- work.DataProviderPractice2Test -->
